1700130279769	geckodriver	INFO	Listening on 127.0.0.1:51591
1700130282872	mozrunner::runner	INFO	Running command: "C:\\Program Files\\Mozilla Firefox\\firefox.exe" "--marionette" "--headless" "--remote-debugging-port" "515 ... "--remote-allow-hosts" "localhost" "-no-remote" "-profile" "C:\\Users\\VICTOR~1\\AppData\\Local\\Temp\\rust_mozprofiler97t2X"
*** You are running in headless mode.
console.warn: services.settings: Ignoring preference override of remote settings server
console.warn: services.settings: Allow by setting MOZ_REMOTE_SETTINGS_DEVTOOLS=1 in the environment
1700130283431	Marionette	INFO	Marionette enabled
Dynamically enable window occlusion 0
1700130283565	Marionette	INFO	Listening on port 51599
WebDriver BiDi listening on ws://127.0.0.1:51592
Read port: 51599
1700130283882	RemoteAgent	WARN	TLS certificate errors will be ignored for this session
[GFX1-]: RenderCompositorSWGL failed mapping default framebuffer, no dt
console.error: ({})
DevTools listening on ws://127.0.0.1:51592/devtools/browser/ceeb25d8-d679-42c6-b77e-ac0180ec0f52
console.warn: LoginRecipes: "Falling back to a synchronous message for: https://www.saucedemo.com."
console.warn: LoginRecipes: "Falling back to a synchronous message for: https://www.saucedemo.com."
1700130287627	Marionette	INFO	Stopped listening on port 51599
Dynamically enable window occlusion 1
JavaScript error: resource://gre/modules/UrlClassifierListManager.sys.mjs, line 720: TypeError: this.tablesData[table] is undefined
1700130368311	geckodriver	INFO	Listening on 127.0.0.1:51986
1700130371394	mozrunner::runner	INFO	Running command: "C:\\Program Files\\Mozilla Firefox\\firefox.exe" "--marionette" "--headless" "--remote-debugging-port" "519 ... "--remote-allow-hosts" "localhost" "-no-remote" "-profile" "C:\\Users\\VICTOR~1\\AppData\\Local\\Temp\\rust_mozprofile4YMRRC"
*** You are running in headless mode.
console.warn: services.settings: Ignoring preference override of remote settings server
console.warn: services.settings: Allow by setting MOZ_REMOTE_SETTINGS_DEVTOOLS=1 in the environment
1700130371848	Marionette	INFO	Marionette enabled
Dynamically enable window occlusion 0
1700130371936	Marionette	INFO	Listening on port 51994
Read port: 51994
WebDriver BiDi listening on ws://127.0.0.1:51987
1700130372032	RemoteAgent	WARN	TLS certificate errors will be ignored for this session
[GFX1-]: RenderCompositorSWGL failed mapping default framebuffer, no dt
console.error: ({})
DevTools listening on ws://127.0.0.1:51987/devtools/browser/6072dfce-fe01-475a-aa05-5279bc6056a2
console.warn: LoginRecipes: "Falling back to a synchronous message for: https://www.saucedemo.com."
console.warn: LoginRecipes: "Falling back to a synchronous message for: https://www.saucedemo.com."
1700130375018	Marionette	INFO	Stopped listening on port 51994
Dynamically enable window occlusion 1
1700130511427	geckodriver	INFO	Listening on 127.0.0.1:52525
1700130514506	mozrunner::runner	INFO	Running command: "C:\\Program Files\\Mozilla Firefox\\firefox.exe" "--marionette" "--headless" "--remote-debugging-port" "525 ... "--remote-allow-hosts" "localhost" "-no-remote" "-profile" "C:\\Users\\VICTOR~1\\AppData\\Local\\Temp\\rust_mozprofilePAZfGq"
*** You are running in headless mode.
console.warn: services.settings: Ignoring preference override of remote settings server
console.warn: services.settings: Allow by setting MOZ_REMOTE_SETTINGS_DEVTOOLS=1 in the environment
1700130514889	Marionette	INFO	Marionette enabled
Dynamically enable window occlusion 0
1700130514976	Marionette	INFO	Listening on port 52533
WebDriver BiDi listening on ws://127.0.0.1:52526
Read port: 52533
1700130515179	RemoteAgent	WARN	TLS certificate errors will be ignored for this session
[GFX1-]: RenderCompositorSWGL failed mapping default framebuffer, no dt
console.error: ({})
DevTools listening on ws://127.0.0.1:52526/devtools/browser/9f77db10-9a6d-4361-a0da-1793971cfba3
console.warn: LoginRecipes: "Falling back to a synchronous message for: https://www.saucedemo.com."
console.warn: LoginRecipes: "Falling back to a synchronous message for: https://www.saucedemo.com."
1700130518392	Marionette	INFO	Stopped listening on port 52533
Dynamically enable window occlusion 1
1700132984542	geckodriver	INFO	Listening on 127.0.0.1:54107
1700132987590	mozrunner::runner	INFO	Running command: "C:\\Program Files\\Mozilla Firefox\\firefox.exe" "--marionette" "--headless" "--remote-debugging-port" "541 ... "--remote-allow-hosts" "localhost" "-no-remote" "-profile" "C:\\Users\\VICTOR~1\\AppData\\Local\\Temp\\rust_mozprofilelPfsJA"
*** You are running in headless mode.
console.warn: services.settings: Ignoring preference override of remote settings server
console.warn: services.settings: Allow by setting MOZ_REMOTE_SETTINGS_DEVTOOLS=1 in the environment
1700132988036	Marionette	INFO	Marionette enabled
Dynamically enable window occlusion 0
1700132988327	Marionette	INFO	Listening on port 54115
WebDriver BiDi listening on ws://127.0.0.1:54108
Read port: 54115
1700132988568	RemoteAgent	WARN	TLS certificate errors will be ignored for this session
[GFX1-]: RenderCompositorSWGL failed mapping default framebuffer, no dt
console.error: ({})
DevTools listening on ws://127.0.0.1:54108/devtools/browser/06145b4e-e518-4be6-b866-facf8be34709
console.warn: LoginRecipes: "Falling back to a synchronous message for: https://www.saucedemo.com."
console.warn: LoginRecipes: "Falling back to a synchronous message for: https://www.saucedemo.com."
1700132991185	Marionette	INFO	Stopped listening on port 54115
Dynamically enable window occlusion 1
1700133112551	geckodriver	INFO	Listening on 127.0.0.1:54559
1700133115613	mozrunner::runner	INFO	Running command: "C:\\Program Files\\Mozilla Firefox\\firefox.exe" "--marionette" "--headless" "--remote-debugging-port" "545 ... "--remote-allow-hosts" "localhost" "-no-remote" "-profile" "C:\\Users\\VICTOR~1\\AppData\\Local\\Temp\\rust_mozprofileR35NIS"
*** You are running in headless mode.
console.warn: services.settings: Ignoring preference override of remote settings server
console.warn: services.settings: Allow by setting MOZ_REMOTE_SETTINGS_DEVTOOLS=1 in the environment
1700133115949	Marionette	INFO	Marionette enabled
Dynamically enable window occlusion 0
1700133116017	Marionette	INFO	Listening on port 54569
WebDriver BiDi listening on ws://127.0.0.1:54560
Read port: 54569
1700133116210	RemoteAgent	WARN	TLS certificate errors will be ignored for this session
[GFX1-]: RenderCompositorSWGL failed mapping default framebuffer, no dt
console.error: ({})
DevTools listening on ws://127.0.0.1:54560/devtools/browser/4cd4f121-d5a2-478a-8047-0794adca685d
console.warn: LoginRecipes: "Falling back to a synchronous message for: https://www.saucedemo.com."
console.warn: LoginRecipes: "Falling back to a synchronous message for: https://www.saucedemo.com."
1700133118706	Marionette	INFO	Stopped listening on port 54569
Dynamically enable window occlusion 1
1700134858715	geckodriver	INFO	Listening on 127.0.0.1:55609
1700134861765	mozrunner::runner	INFO	Running command: "C:\\Program Files\\Mozilla Firefox\\firefox.exe" "--marionette" "--headless" "--remote-debugging-port" "556 ... "--remote-allow-hosts" "localhost" "-no-remote" "-profile" "C:\\Users\\VICTOR~1\\AppData\\Local\\Temp\\rust_mozprofilezfccst"
*** You are running in headless mode.
console.warn: services.settings: Ignoring preference override of remote settings server
console.warn: services.settings: Allow by setting MOZ_REMOTE_SETTINGS_DEVTOOLS=1 in the environment
1700134862149	Marionette	INFO	Marionette enabled
Dynamically enable window occlusion 0
1700134862225	Marionette	INFO	Listening on port 55617
WebDriver BiDi listening on ws://127.0.0.1:55610
Read port: 55617
1700134862439	RemoteAgent	WARN	TLS certificate errors will be ignored for this session
[GFX1-]: RenderCompositorSWGL failed mapping default framebuffer, no dt
console.error: ({})
DevTools listening on ws://127.0.0.1:55610/devtools/browser/83765b86-968a-4879-9c56-2fed38ff379e
console.warn: LoginRecipes: "Falling back to a synchronous message for: https://www.saucedemo.com."
console.warn: LoginRecipes: "Falling back to a synchronous message for: https://www.saucedemo.com."
1700134865606	Marionette	INFO	Stopped listening on port 55617
Dynamically enable window occlusion 1
